#
# There is insufficient memory for the Java Runtime Environment to continue.
# Native memory allocation (mmap) failed to map 132120576 bytes for G1 virtual space
# Possible reasons:
#   The system is out of physical RAM or swap space
#   The process is running with CompressedOops enabled, and the Java Heap may be blocking the growth of the native heap
# Possible solutions:
#   Reduce memory load on the system
#   Increase physical memory or swap space
#   Check if swap backing store is full
#   Decrease Java heap size (-Xmx/-Xms)
#   Decrease number of Java threads
#   Decrease Java thread stack sizes (-Xss)
#   Set larger code cache with -XX:ReservedCodeCacheSize=
#   JVM is running with Unscaled Compressed Oops mode in which the Java heap is
#     placed in the first 4GB address space. The Java Heap base address is the
#     maximum limit for the native heap growth. Please use -XX:HeapBaseMinAddress
#     to set the Java Heap base and to place the Java Heap above 4GB virtual address.
# This output file may be truncated or incomplete.
#
#  Out of Memory Error (os_windows.cpp:3613), pid=12680, tid=4844
#
# JRE version:  (17.0.9+9) (build )
# Java VM: OpenJDK 64-Bit Server VM (17.0.9+9, mixed mode, sharing, tiered, compressed oops, compressed class ptrs, g1 gc, windows-amd64)
# No core dump will be written. Minidumps are not enabled by default on client versions of Windows
#

---------------  S U M M A R Y ------------

Command Line: -XX:+ShowCodeDetailsInExceptionMessages -agentlib:jdwp=transport=dt_socket,suspend=y,address=localhost:1672 -Dmaven.home=EMBEDDED -Dclassworlds.conf=C:\Users\yanba\Documents\workspace-spring-tool-suite-4-4.21.0.RELEASE\.metadata\.plugins\org.eclipse.m2e.launching\launches\m2conf17454668992494052954.tmp -Dmaven.multiModuleProjectDirectory=C:\Users\yanba\git\aula-dio-spring-boot -Dm2e.build.project.data.socket.port=1671 -javaagent:C:\Users\yanba\Downloads\spring-tool-suite-4-4.21.0.RELEASE-e4.30.0-win32.win32.x86_64.self-extracting(1)\sts-4.21.0.RELEASE\configuration\org.eclipse.osgi\258\0\.cp\lib\javaagent-shaded.jar -Dfile.encoding=UTF-8 -Dstdout.encoding=UTF-8 -Dstderr.encoding=UTF-8 org.codehaus.plexus.classworlds.launcher.Launcher -Ppom.xml -B -Dstyle.color=always install

Host: Intel(R) Core(TM) i5-1035G1 CPU @ 1.00GHz, 8 cores, 7G,  Windows 10 , 64 bit Build 19041 (10.0.19041.3031)
Time: Sat Apr 19 10:13:00 2025 Hora oficial do Brasil elapsed time: 0.027103 seconds (0d 0h 0m 0s)

---------------  T H R E A D  ---------------

Current thread (0x00000279b27de550):  JavaThread "Unknown thread" [_thread_in_vm, id=4844, stack(0x000000ff37300000,0x000000ff37400000)]

Stack: [0x000000ff37300000,0x000000ff37400000]
Native frames: (J=compiled Java code, j=interpreted, Vv=VM code, C=native code)
V  [jvm.dll+0x67cf49]
V  [jvm.dll+0x83478a]
V  [jvm.dll+0x83624e]
V  [jvm.dll+0x8368b3]
V  [jvm.dll+0x247f1f]
V  [jvm.dll+0x679d69]
V  [jvm.dll+0x66e6ba]
V  [jvm.dll+0x307e5b]
V  [jvm.dll+0x30f306]
V  [jvm.dll+0x35f0ce]
V  [jvm.dll+0x35f2ff]
V  [jvm.dll+0x2dea58]
V  [jvm.dll+0x2df9c4]
V  [jvm.dll+0x806031]
V  [jvm.dll+0x36cf31]
V  [jvm.dll+0x7e4aac]
V  [jvm.dll+0x3f07af]
V  [jvm.dll+0x3f23e1]
C  [jli.dll+0x528f]
C  [ucrtbase.dll+0x21bb2]
C  [KERNEL32.DLL+0x17614]
C  [ntdll.dll+0x526f1]


---------------  P R O C E S S  ---------------

Threads class SMR info:
_java_thread_list=0x00007ffa8a72ee98, length=0, elements={
}

Java Threads: ( => current thread )

Other Threads:
  0x00000279b2839c50 GCTaskThread "GC Thread#0" [stack: 0x000000ff37400000,0x000000ff37500000] [id=9932]
  0x00000279b284ab10 ConcurrentGCThread "G1 Main Marker" [stack: 0x000000ff37500000,0x000000ff37600000] [id=7876]
  0x00000279b284b440 ConcurrentGCThread "G1 Conc#0" [stack: 0x000000ff37600000,0x000000ff37700000] [id=11164]

[error occurred during error reporting (printing all threads), id 0xc0000005, EXCEPTION_ACCESS_VIOLATION (0xc0000005) at pc=0x00007ffa89eef497]

VM state: not at safepoint (not fully initialized)

VM Mutex/Monitor currently owned by a thread:  ([mutex/lock_event])
[0x00000279b27d95d0] Heap_lock - owner thread: 0x00000279b27de550

Heap address: 0x0000000083a00000, size: 1990 MB, Compressed Oops mode: 32-bit

CDS archive(s) mapped at: [0x0000000000000000-0x0000000000000000-0x0000000000000000), size 0, SharedBaseAddress: 0x0000000800000000, ArchiveRelocationMode: 1.
Narrow klass base: 0x0000000000000000, Narrow klass shift: 0, Narrow klass range: 0x0

GC Precious Log:
<Empty>

Heap:
 garbage-first heap   total 0K, used 0K [0x0000000083a00000, 0x0000000100000000)
  region size 1024K, 0 young (0K), 0 survivors (0K)

[error occurred during error reporting (printing heap information), id 0xc0000005, EXCEPTION_ACCESS_VIOLATION (0xc0000005) at pc=0x00007ffa8a2d6c79]

GC Heap History (0 events):
No events

Dll operation events (1 events):
Event: 0.020 Loaded shared library C:\Users\yanba\Downloads\spring-tool-suite-4-4.21.0.RELEASE-e4.30.0-win32.win32.x86_64.self-extracting(1)\sts-4.21.0.RELEASE\plugins\org.eclipse.justj.openjdk.hotspot.jre.full.win32.x86_64_17.0.9.v20231028-0858\jre\bin\java.dll

Deoptimization events (0 events):
No events

Classes unloaded (0 events):
No events

Classes redefined (0 events):
No events

Internal exceptions (0 events):
No events

VM Operations (0 events):
No events

Events (0 events):
No events


Dynamic libraries:
0x00007ff726440000 - 0x00007ff72644e000 	C:\Users\yanba\Downloads\spring-tool-suite-4-4.21.0.RELEASE-e4.30.0-win32.win32.x86_64.self-extracting(1)\sts-4.21.0.RELEASE\plugins\org.eclipse.justj.openjdk.hotspot.jre.full.win32.x86_64_17.0.9.v20231028-0858\jre\bin\javaw.exe
0x00007ffad93d0000 - 0x00007ffad95c8000 	C:\Windows\SYSTEM32\ntdll.dll
0x00007ffad8110000 - 0x00007ffad81cf000 	C:\Windows\System32\KERNEL32.DLL
0x00007ffad6ab0000 - 0x00007ffad6da6000 	C:\Windows\System32\KERNELBASE.dll
0x00007ffad6ea0000 - 0x00007ffad6fa0000 	C:\Windows\System32\ucrtbase.dll
0x00007ffaacae0000 - 0x00007ffaacafb000 	C:\Users\yanba\Downloads\spring-tool-suite-4-4.21.0.RELEASE-e4.30.0-win32.win32.x86_64.self-extracting(1)\sts-4.21.0.RELEASE\plugins\org.eclipse.justj.openjdk.hotspot.jre.full.win32.x86_64_17.0.9.v20231028-0858\jre\bin\VCRUNTIME140.dll
0x00007ffa9a710000 - 0x00007ffa9a727000 	C:\Users\yanba\Downloads\spring-tool-suite-4-4.21.0.RELEASE-e4.30.0-win32.win32.x86_64.self-extracting(1)\sts-4.21.0.RELEASE\plugins\org.eclipse.justj.openjdk.hotspot.jre.full.win32.x86_64_17.0.9.v20231028-0858\jre\bin\jli.dll
0x00007ffad8200000 - 0x00007ffad839d000 	C:\Windows\System32\USER32.dll
0x00007ffad5e30000 - 0x00007ffad60ca000 	C:\Windows\WinSxS\amd64_microsoft.windows.common-controls_6595b64144ccf1df_6.0.19041.1110_none_60b5254171f9507e\COMCTL32.dll
0x00007ffad6fa0000 - 0x00007ffad6fc2000 	C:\Windows\System32\win32u.dll
0x00007ffad7850000 - 0x00007ffad787c000 	C:\Windows\System32\GDI32.dll
0x00007ffad77a0000 - 0x00007ffad783e000 	C:\Windows\System32\msvcrt.dll
0x00007ffad7130000 - 0x00007ffad7245000 	C:\Windows\System32\gdi32full.dll
0x00007ffad6db0000 - 0x00007ffad6e4d000 	C:\Windows\System32\msvcp_win.dll
0x00007ffad81d0000 - 0x00007ffad8200000 	C:\Windows\System32\IMM32.DLL
0x00007ffad1c30000 - 0x00007ffad1c3c000 	C:\Users\yanba\Downloads\spring-tool-suite-4-4.21.0.RELEASE-e4.30.0-win32.win32.x86_64.self-extracting(1)\sts-4.21.0.RELEASE\plugins\org.eclipse.justj.openjdk.hotspot.jre.full.win32.x86_64_17.0.9.v20231028-0858\jre\bin\vcruntime140_1.dll
0x00007ffa97260000 - 0x00007ffa972ed000 	C:\Users\yanba\Downloads\spring-tool-suite-4-4.21.0.RELEASE-e4.30.0-win32.win32.x86_64.self-extracting(1)\sts-4.21.0.RELEASE\plugins\org.eclipse.justj.openjdk.hotspot.jre.full.win32.x86_64_17.0.9.v20231028-0858\jre\bin\msvcp140.dll
0x00007ffa89c00000 - 0x00007ffa8a861000 	C:\Users\yanba\Downloads\spring-tool-suite-4-4.21.0.RELEASE-e4.30.0-win32.win32.x86_64.self-extracting(1)\sts-4.21.0.RELEASE\plugins\org.eclipse.justj.openjdk.hotspot.jre.full.win32.x86_64_17.0.9.v20231028-0858\jre\bin\server\jvm.dll
0x00007ffad8d00000 - 0x00007ffad8daf000 	C:\Windows\System32\ADVAPI32.dll
0x00007ffad74b0000 - 0x00007ffad754c000 	C:\Windows\System32\sechost.dll
0x00007ffad7f20000 - 0x00007ffad8046000 	C:\Windows\System32\RPCRT4.dll
0x00007ffac4c50000 - 0x00007ffac4c59000 	C:\Windows\SYSTEM32\WSOCK32.dll
0x00007ffad6160000 - 0x00007ffad61ab000 	C:\Windows\SYSTEM32\POWRPROF.dll
0x00007ffad3130000 - 0x00007ffad3157000 	C:\Windows\SYSTEM32\WINMM.dll
0x00007ffad7eb0000 - 0x00007ffad7f1b000 	C:\Windows\System32\WS2_32.dll
0x00007ffac6db0000 - 0x00007ffac6dba000 	C:\Windows\SYSTEM32\VERSION.dll
0x00007ffad60d0000 - 0x00007ffad60e2000 	C:\Windows\SYSTEM32\UMPDC.dll
0x00007ffad4470000 - 0x00007ffad4482000 	C:\Windows\SYSTEM32\kernel.appcore.dll
0x00007ffac6c60000 - 0x00007ffac6c6a000 	C:\Users\yanba\Downloads\spring-tool-suite-4-4.21.0.RELEASE-e4.30.0-win32.win32.x86_64.self-extracting(1)\sts-4.21.0.RELEASE\plugins\org.eclipse.justj.openjdk.hotspot.jre.full.win32.x86_64_17.0.9.v20231028-0858\jre\bin\jimage.dll
0x00007ffad6530000 - 0x00007ffad6714000 	C:\Windows\SYSTEM32\DBGHELP.DLL
0x00007ffad6470000 - 0x00007ffad64a4000 	C:\Windows\SYSTEM32\dbgcore.DLL
0x00007ffad7250000 - 0x00007ffad72d2000 	C:\Windows\System32\bcryptPrimitives.dll
0x00007ffa93490000 - 0x00007ffa934cb000 	C:\Users\yanba\Downloads\spring-tool-suite-4-4.21.0.RELEASE-e4.30.0-win32.win32.x86_64.self-extracting(1)\sts-4.21.0.RELEASE\plugins\org.eclipse.justj.openjdk.hotspot.jre.full.win32.x86_64_17.0.9.v20231028-0858\jre\bin\jdwp.dll
0x00007ffabeed0000 - 0x00007ffabeede000 	C:\Users\yanba\Downloads\spring-tool-suite-4-4.21.0.RELEASE-e4.30.0-win32.win32.x86_64.self-extracting(1)\sts-4.21.0.RELEASE\plugins\org.eclipse.justj.openjdk.hotspot.jre.full.win32.x86_64_17.0.9.v20231028-0858\jre\bin\instrument.dll
0x00007ffabfd70000 - 0x00007ffabfd95000 	C:\Users\yanba\Downloads\spring-tool-suite-4-4.21.0.RELEASE-e4.30.0-win32.win32.x86_64.self-extracting(1)\sts-4.21.0.RELEASE\plugins\org.eclipse.justj.openjdk.hotspot.jre.full.win32.x86_64_17.0.9.v20231028-0858\jre\bin\java.dll

dbghelp: loaded successfully - version: 4.0.5 - missing functions: none
symbol engine: initialized successfully - sym options: 0x614 - pdb path: .;C:\Users\yanba\Downloads\spring-tool-suite-4-4.21.0.RELEASE-e4.30.0-win32.win32.x86_64.self-extracting(1)\sts-4.21.0.RELEASE\plugins\org.eclipse.justj.openjdk.hotspot.jre.full.win32.x86_64_17.0.9.v20231028-0858\jre\bin;C:\Windows\SYSTEM32;C:\Windows\WinSxS\amd64_microsoft.windows.common-controls_6595b64144ccf1df_6.0.19041.1110_none_60b5254171f9507e;C:\Users\yanba\Downloads\spring-tool-suite-4-4.21.0.RELEASE-e4.30.0-win32.win32.x86_64.self-extracting(1)\sts-4.21.0.RELEASE\plugins\org.eclipse.justj.openjdk.hotspot.jre.full.win32.x86_64_17.0.9.v20231028-0858\jre\bin\server

VM Arguments:
jvm_args: -XX:+ShowCodeDetailsInExceptionMessages -agentlib:jdwp=transport=dt_socket,suspend=y,address=localhost:1672 -Dmaven.home=EMBEDDED -Dclassworlds.conf=C:\Users\yanba\Documents\workspace-spring-tool-suite-4-4.21.0.RELEASE\.metadata\.plugins\org.eclipse.m2e.launching\launches\m2conf17454668992494052954.tmp -Dmaven.multiModuleProjectDirectory=C:\Users\yanba\git\aula-dio-spring-boot -Dm2e.build.project.data.socket.port=1671 -javaagent:C:\Users\yanba\Downloads\spring-tool-suite-4-4.21.0.RELEASE-e4.30.0-win32.win32.x86_64.self-extracting(1)\sts-4.21.0.RELEASE\configuration\org.eclipse.osgi\258\0\.cp\lib\javaagent-shaded.jar -Dfile.encoding=UTF-8 -Dstdout.encoding=UTF-8 -Dstderr.encoding=UTF-8 
java_command: org.codehaus.plexus.classworlds.launcher.Launcher -Ppom.xml -B -Dstyle.color=always install
java_class_path (initial): C:\Users\yanba\Downloads\spring-tool-suite-4-4.21.0.RELEASE-e4.30.0-win32.win32.x86_64.self-extracting(1)\sts-4.21.0.RELEASE\plugins\org.eclipse.m2e.maven.runtime_3.9.500.20231113-2345\jars\plexus-classworlds-2.7.0.jar
Launcher Type: SUN_STANDARD

[Global flags]
     intx CICompilerCount                          = 4                                         {product} {ergonomic}
     uint ConcGCThreads                            = 2                                         {product} {ergonomic}
     uint G1ConcRefinementThreads                  = 8                                         {product} {ergonomic}
   size_t G1HeapRegionSize                         = 1048576                                   {product} {ergonomic}
    uintx GCDrainStackTargetSize                   = 64                                        {product} {ergonomic}
   size_t InitialHeapSize                          = 132120576                                 {product} {ergonomic}
   size_t MarkStackSize                            = 4194304                                   {product} {ergonomic}
   size_t MaxHeapSize                              = 2086666240                                {product} {ergonomic}
   size_t MinHeapDeltaBytes                        = 1048576                                   {product} {ergonomic}
   size_t MinHeapSize                              = 8388608                                   {product} {ergonomic}
    uintx NonNMethodCodeHeapSize                   = 5839372                                {pd product} {ergonomic}
    uintx NonProfiledCodeHeapSize                  = 122909434                              {pd product} {ergonomic}
    uintx ProfiledCodeHeapSize                     = 122909434                              {pd product} {ergonomic}
    uintx ReservedCodeCacheSize                    = 251658240                              {pd product} {ergonomic}
     bool SegmentedCodeCache                       = true                                      {product} {ergonomic}
     bool ShowCodeDetailsInExceptionMessages       = true                                   {manageable} {command line}
   size_t SoftMaxHeapSize                          = 2086666240                             {manageable} {ergonomic}
     bool UseCompressedClassPointers               = true                           {product lp64_product} {ergonomic}
     bool UseCompressedOops                        = true                           {product lp64_product} {ergonomic}
     bool UseG1GC                                  = true                                      {product} {ergonomic}
     bool UseLargePagesIndividualAllocation        = false                                  {pd product} {ergonomic}

Logging:
Log output configuration:
 #0: stdout all=warning uptime,level,tags
 #1: stderr all=off uptime,level,tags

Environment Variables:
JAVA_HOME=C:\Users\yanba\AppData\Local\Programs\Eclipse Adoptium\jdk-17.0.8.101-hotspot\
PATH=C:\Users\yanba\Downloads\spring-tool-suite-4-4.21.0.RELEASE-e4.30.0-win32.win32.x86_64.self-extracting(1)\sts-4.21.0.RELEASE\plugins\org.eclipse.justj.openjdk.hotspot.jre.full.win32.x86_64_17.0.9.v20231028-0858\jre\bin;C:/Users/yanba/Downloads/spring-tool-suite-4-4.21.0.RELEASE-e4.30.0-win32.win32.x86_64.self-extracting(1)/sts-4.21.0.RELEASE//plugins/org.eclipse.justj.openjdk.hotspot.jre.full.win32.x86_64_17.0.9.v20231028-0858/jre/bin/server;C:/Users/yanba/Downloads/spring-tool-suite-4-4.21.0.RELEASE-e4.30.0-win32.win32.x86_64.self-extracting(1)/sts-4.21.0.RELEASE//plugins/org.eclipse.justj.openjdk.hotspot.jre.full.win32.x86_64_17.0.9.v20231028-0858/jre/bin;C:\Program Files\Common Files\Oracle\Java\javapath;C:\Program Files (x86)\Common Files\Oracle\Java\java8path;C:\Program Files (x86)\Common Files\Oracle\Java\javapath;C:\Windows\system32;C:\Windows;C:\Windows\System32\Wbem;C:\Windows\System32\WindowsPowerShell\v1.0\;C:\Windows\System32\OpenSSH\;C:\Program Files\Git\cmd;C:\MinGW\bin;C:\Program Files\Java\jdk-22\bin;C:\Program Files\nodejs\;C:\Program Files (x86)\Tesseract-OCR;C:\Program Files\PuTTY\;C:\ProgramData\ComposerSetup\bin;C:\Users\yanba\.config\herd\bin\nvm;C:\Program Files\nodejs;C:\Users\yanba\.config\herd\bin;C:\Users\yanba\AppData\Local\Programs\Eclipse Adoptium\jdk-17.0.8.101-hotspot\bin;C:\Users\yanba\AppData\Local\Microsoft\WindowsApps;C:\Users\yanba\AppData\Local\Programs\Microsoft VS Code\bin;C:\MinGW\bin;C:\Users\yanba\AppData\Roaming\npm;C:\Program Files (x86)\Tesseract-OCR;C:\Program Files\ffmpeg\bin\;C:\Program Files (x86)\Nmap;C:\Users\yanba\AppData\Local\Pandoc\;C:\Users\yanba\Downloads\php-8.4.4-Win32-vs17-x64;C:\Users\yanba\AppData\Roaming\Composer\vendor\bin;C:\Users\yanba\Downloads\spring-tool-suite-4-4.21.0.RELEASE-e4.30.0-win32.win32.x86_64.self-extracting(1)\sts-4.21.0.RELEASE;
USERNAME=yanba
OS=Windows_NT
PROCESSOR_IDENTIFIER=Intel64 Family 6 Model 126 Stepping 5, GenuineIntel
TMP=C:\Users\yanba\AppData\Local\Temp
TEMP=C:\Users\yanba\AppData\Local\Temp



Periodic native trim disabled


---------------  S Y S T E M  ---------------

OS:
 Windows 10 , 64 bit Build 19041 (10.0.19041.3031)
OS uptime: 2 days 22:32 hours
Hyper-V role detected

CPU: total 8 (initial active 8) (4 cores per cpu, 2 threads per core) family 6 model 126 stepping 5 microcode 0xc6, cx8, cmov, fxsr, ht, mmx, 3dnowpref, sse, sse2, sse3, ssse3, sse4.1, sse4.2, popcnt, lzcnt, tsc, tscinvbit, avx, avx2, aes, erms, clmul, bmi1, bmi2, adx, avx512f, avx512dq, avx512cd, avx512bw, avx512vl, sha, fma, vzeroupper, avx512_vpopcntdq, avx512_vpclmulqdq, avx512_vaes, avx512_vnni, clflush, clflushopt, avx512_vbmi2, avx512_vbmi, hv
Processor Information for all 8 processors :
  Max Mhz: 1190, Current Mhz: 991, Mhz Limit: 987

Memory: 4k page, system-wide physical 7959M (837M free)
TotalPageFile size 9987M (AvailPageFile size 84M)
current process WorkingSet (physical memory assigned to process): 10M, peak: 10M
current process commit charge ("private bytes"): 60M, peak: 186M

vm_info: OpenJDK 64-Bit Server VM (17.0.9+9) for windows-amd64 JRE (17.0.9+9), built on Oct 26 2023 14:01:42 by "admin" with MS VC++ 16.10 / 16.11 (VS2019)

END.
