#
# There is insufficient memory for the Java Runtime Environment to continue.
# Native memory allocation (malloc) failed to allocate 624656 bytes for Chunk::new
# Possible reasons:
#   The system is out of physical RAM or swap space
#   The process is running with CompressedOops enabled, and the Java Heap may be blocking the growth of the native heap
# Possible solutions:
#   Reduce memory load on the system
#   Increase physical memory or swap space
#   Check if swap backing store is full
#   Decrease Java heap size (-Xmx/-Xms)
#   Decrease number of Java threads
#   Decrease Java thread stack sizes (-Xss)
#   Set larger code cache with -XX:ReservedCodeCacheSize=
#   JVM is running with Unscaled Compressed Oops mode in which the Java heap is
#     placed in the first 4GB address space. The Java Heap base address is the
#     maximum limit for the native heap growth. Please use -XX:HeapBaseMinAddress
#     to set the Java Heap base and to place the Java Heap above 4GB virtual address.
# This output file may be truncated or incomplete.
#
#  Out of Memory Error (arena.cpp:191), pid=4912, tid=7744
#
# JRE version: OpenJDK Runtime Environment Temurin-17.0.9+9 (17.0.9+9) (build 17.0.9+9)
# Java VM: OpenJDK 64-Bit Server VM Temurin-17.0.9+9 (17.0.9+9, mixed mode, tiered, compressed oops, compressed class ptrs, g1 gc, windows-amd64)
# No core dump will be written. Minidumps are not enabled by default on client versions of Windows
#

---------------  S U M M A R Y ------------

Command Line: -Dmaven.home=EMBEDDED -Dclassworlds.conf=C:\Users\yanba\Documents\workspace-spring-tool-suite-4-4.21.0.RELEASE\.metadata\.plugins\org.eclipse.m2e.launching\launches\m2conf5456676643852638251.tmp -Dmaven.multiModuleProjectDirectory=C:\Users\yanba\git\aula-dio-spring-boot -Dm2e.build.project.data.socket.port=1537 -Dfile.encoding=UTF-8 -Dstdout.encoding=UTF-8 -Dstderr.encoding=UTF-8 -XX:+ShowCodeDetailsInExceptionMessages org.codehaus.plexus.classworlds.launcher.Launcher -Ppom.xml -B -Dstyle.color=always install

Host: Intel(R) Core(TM) i5-1035G1 CPU @ 1.00GHz, 8 cores, 7G,  Windows 10 , 64 bit Build 19041 (10.0.19041.3031)
Time: Sun Apr 20 18:25:50 2025 Hora oficial do Brasil elapsed time: 1.096476 seconds (0d 0h 0m 1s)

---------------  T H R E A D  ---------------

Current thread (0x0000017c95076e60):  JavaThread "C2 CompilerThread0" daemon [_thread_in_native, id=7744, stack(0x0000006ce1f00000,0x0000006ce2000000)]


Current CompileTask:
C2:   1096 1573   !   4       java.lang.String::<init> (843 bytes)

Stack: [0x0000006ce1f00000,0x0000006ce2000000]
Native frames: (J=compiled Java code, j=interpreted, Vv=VM code, C=native code)
V  [jvm.dll+0x67cf49]
V  [jvm.dll+0x83478a]
V  [jvm.dll+0x83624e]
V  [jvm.dll+0x8368b3]
V  [jvm.dll+0x247f1f]
V  [jvm.dll+0xac43c]
V  [jvm.dll+0xaca8c]
V  [jvm.dll+0x367012]
V  [jvm.dll+0x3313ba]
V  [jvm.dll+0x33085a]
V  [jvm.dll+0x21a5b1]
V  [jvm.dll+0x2199d1]
V  [jvm.dll+0x1a57cd]
V  [jvm.dll+0x2297ae]
V  [jvm.dll+0x22797c]
V  [jvm.dll+0x7e9877]
V  [jvm.dll+0x7e3c3a]
V  [jvm.dll+0x67be35]
C  [ucrtbase.dll+0x21bb2]
C  [KERNEL32.DLL+0x17614]
C  [ntdll.dll+0x526f1]


---------------  P R O C E S S  ---------------

Threads class SMR info:
_java_thread_list=0x0000017c95ba03c0, length=13, elements={
0x0000017cfb17e670, 0x0000017c95003510, 0x0000017c95004010, 0x0000017c9506d5f0,
0x0000017c9506dfb0, 0x0000017c95070980, 0x0000017c95071340, 0x0000017c95076e60,
0x0000017c9507f830, 0x0000017c95092540, 0x0000017c9520d9c0, 0x0000017c95213b90,
0x0000017c9592cd40
}

Java Threads: ( => current thread )
  0x0000017cfb17e670 JavaThread "main" [_thread_in_vm, id=7320, stack(0x0000006ce1200000,0x0000006ce1300000)]
  0x0000017c95003510 JavaThread "Reference Handler" daemon [_thread_blocked, id=10428, stack(0x0000006ce1900000,0x0000006ce1a00000)]
  0x0000017c95004010 JavaThread "Finalizer" daemon [_thread_blocked, id=5224, stack(0x0000006ce1a00000,0x0000006ce1b00000)]
  0x0000017c9506d5f0 JavaThread "Signal Dispatcher" daemon [_thread_blocked, id=5256, stack(0x0000006ce1b00000,0x0000006ce1c00000)]
  0x0000017c9506dfb0 JavaThread "Attach Listener" daemon [_thread_blocked, id=10128, stack(0x0000006ce1c00000,0x0000006ce1d00000)]
  0x0000017c95070980 JavaThread "Service Thread" daemon [_thread_blocked, id=10416, stack(0x0000006ce1d00000,0x0000006ce1e00000)]
  0x0000017c95071340 JavaThread "Monitor Deflation Thread" daemon [_thread_blocked, id=6356, stack(0x0000006ce1e00000,0x0000006ce1f00000)]
=>0x0000017c95076e60 JavaThread "C2 CompilerThread0" daemon [_thread_in_native, id=7744, stack(0x0000006ce1f00000,0x0000006ce2000000)]
  0x0000017c9507f830 JavaThread "C1 CompilerThread0" daemon [_thread_blocked, id=8632, stack(0x0000006ce2000000,0x0000006ce2100000)]
  0x0000017c95092540 JavaThread "Sweeper thread" daemon [_thread_blocked, id=12552, stack(0x0000006ce2100000,0x0000006ce2200000)]
  0x0000017c9520d9c0 JavaThread "Notification Thread" daemon [_thread_blocked, id=1448, stack(0x0000006ce2200000,0x0000006ce2300000)]
  0x0000017c95213b90 JavaThread "Common-Cleaner" daemon [_thread_blocked, id=12748, stack(0x0000006ce2400000,0x0000006ce2500000)]
  0x0000017c9592cd40 JavaThread "C2 CompilerThread1" daemon [_thread_in_native, id=5532, stack(0x0000006ce2500000,0x0000006ce2600000)]

Other Threads:
  0x0000017c95000190 VMThread "VM Thread" [stack: 0x0000006ce1800000,0x0000006ce1900000] [id=2424]
  0x0000017c9520dea0 WatcherThread [stack: 0x0000006ce2300000,0x0000006ce2400000] [id=1540]
  0x0000017cfb1d7940 GCTaskThread "GC Thread#0" [stack: 0x0000006ce1300000,0x0000006ce1400000] [id=8056]
  0x0000017c9a05f210 GCTaskThread "GC Thread#1" [stack: 0x0000006ce2600000,0x0000006ce2700000] [id=5420]
  0x0000017c95c70050 GCTaskThread "GC Thread#2" [stack: 0x0000006ce2700000,0x0000006ce2800000] [id=10952]
  0x0000017c9a0fdb90 GCTaskThread "GC Thread#3" [stack: 0x0000006ce2800000,0x0000006ce2900000] [id=10924]
  0x0000017c9a363050 GCTaskThread "GC Thread#4" [stack: 0x0000006ce2900000,0x0000006ce2a00000] [id=4620]
  0x0000017c9592c800 GCTaskThread "GC Thread#5" [stack: 0x0000006ce2a00000,0x0000006ce2b00000] [id=7348]
  0x0000017c9a062910 GCTaskThread "GC Thread#6" [stack: 0x0000006ce2b00000,0x0000006ce2c00000] [id=11516]
  0x0000017c9a1843a0 GCTaskThread "GC Thread#7" [stack: 0x0000006ce2c00000,0x0000006ce2d00000] [id=11192]
  0x0000017cfb1e87f0 ConcurrentGCThread "G1 Main Marker" [stack: 0x0000006ce1400000,0x0000006ce1500000] [id=11008]
  0x0000017cfb1e9110 ConcurrentGCThread "G1 Conc#0" [stack: 0x0000006ce1500000,0x0000006ce1600000] [id=12936]
  0x0000017cfb23ddc0 ConcurrentGCThread "G1 Refine#0" [stack: 0x0000006ce1600000,0x0000006ce1700000] [id=5972]
  0x0000017cfb23e6f0 ConcurrentGCThread "G1 Service" [stack: 0x0000006ce1700000,0x0000006ce1800000] [id=12740]

Threads with active compile tasks:
C2 CompilerThread0     1109 1573   !   4       java.lang.String::<init> (843 bytes)

VM state: not at safepoint (normal execution)

VM Mutex/Monitor currently owned by a thread: None

Heap address: 0x0000000083a00000, size: 1990 MB, Compressed Oops mode: 32-bit

CDS archive(s) not mapped
Compressed class space mapped at: 0x0000000100000000-0x0000000140000000, reserved size: 1073741824
Narrow klass base: 0x0000000000000000, Narrow klass shift: 3, Narrow klass range: 0x140000000

GC Precious Log:
 CPUs: 8 total, 8 available
 Memory: 7959M
 Large Page Support: Disabled
 NUMA Support: Disabled
 Compressed Oops: Enabled (32-bit)
 Heap Region Size: 1M
 Heap Min Capacity: 8M
 Heap Initial Capacity: 126M
 Heap Max Capacity: 1990M
 Pre-touch: Disabled
 Parallel Workers: 8
 Concurrent Workers: 2
 Concurrent Refinement Workers: 8
 Periodic GC: Disabled

Heap:
 garbage-first heap   total 129024K, used 30409K [0x0000000083a00000, 0x0000000100000000)
  region size 1024K, 30 young (30720K), 3 survivors (3072K)
 Metaspace       used 16735K, committed 16896K, reserved 1114112K
  class space    used 1764K, committed 1856K, reserved 1048576K

Heap Regions: E=young(eden), S=young(survivor), O=old, HS=humongous(starts), HC=humongous(continues), CS=collection set, F=free, OA=open archive, CA=closed archive, TAMS=top-at-mark-start (previous, next)
|   0|0x0000000083a00000, 0x0000000083ab2600, 0x0000000083b00000| 69%| O|  |TAMS 0x0000000083a00000, 0x0000000083a00000| Untracked 
|   1|0x0000000083b00000, 0x0000000083b00000, 0x0000000083c00000|  0%| F|  |TAMS 0x0000000083b00000, 0x0000000083b00000| Untracked 
|   2|0x0000000083c00000, 0x0000000083c00000, 0x0000000083d00000|  0%| F|  |TAMS 0x0000000083c00000, 0x0000000083c00000| Untracked 
|   3|0x0000000083d00000, 0x0000000083d00000, 0x0000000083e00000|  0%| F|  |TAMS 0x0000000083d00000, 0x0000000083d00000| Untracked 
|   4|0x0000000083e00000, 0x0000000083e00000, 0x0000000083f00000|  0%| F|  |TAMS 0x0000000083e00000, 0x0000000083e00000| Untracked 
|   5|0x0000000083f00000, 0x0000000083f00000, 0x0000000084000000|  0%| F|  |TAMS 0x0000000083f00000, 0x0000000083f00000| Untracked 
|   6|0x0000000084000000, 0x0000000084000000, 0x0000000084100000|  0%| F|  |TAMS 0x0000000084000000, 0x0000000084000000| Untracked 
|   7|0x0000000084100000, 0x0000000084100000, 0x0000000084200000|  0%| F|  |TAMS 0x0000000084100000, 0x0000000084100000| Untracked 
|   8|0x0000000084200000, 0x0000000084200000, 0x0000000084300000|  0%| F|  |TAMS 0x0000000084200000, 0x0000000084200000| Untracked 
|   9|0x0000000084300000, 0x0000000084300000, 0x0000000084400000|  0%| F|  |TAMS 0x0000000084300000, 0x0000000084300000| Untracked 
|  10|0x0000000084400000, 0x0000000084400000, 0x0000000084500000|  0%| F|  |TAMS 0x0000000084400000, 0x0000000084400000| Untracked 
|  11|0x0000000084500000, 0x0000000084500000, 0x0000000084600000|  0%| F|  |TAMS 0x0000000084500000, 0x0000000084500000| Untracked 
|  12|0x0000000084600000, 0x0000000084600000, 0x0000000084700000|  0%| F|  |TAMS 0x0000000084600000, 0x0000000084600000| Untracked 
|  13|0x0000000084700000, 0x0000000084700000, 0x0000000084800000|  0%| F|  |TAMS 0x0000000084700000, 0x0000000084700000| Untracked 
|  14|0x0000000084800000, 0x0000000084800000, 0x0000000084900000|  0%| F|  |TAMS 0x0000000084800000, 0x0000000084800000| Untracked 
|  15|0x0000000084900000, 0x0000000084900000, 0x0000000084a00000|  0%| F|  |TAMS 0x0000000084900000, 0x0000000084900000| Untracked 
|  16|0x0000000084a00000, 0x0000000084a00000, 0x0000000084b00000|  0%| F|  |TAMS 0x0000000084a00000, 0x0000000084a00000| Untracked 
|  17|0x0000000084b00000, 0x0000000084b00000, 0x0000000084c00000|  0%| F|  |TAMS 0x0000000084b00000, 0x0000000084b00000| Untracked 
|  18|0x0000000084c00000, 0x0000000084c00000, 0x0000000084d00000|  0%| F|  |TAMS 0x0000000084c00000, 0x0000000084c00000| Untracked 
|  19|0x0000000084d00000, 0x0000000084d00000, 0x0000000084e00000|  0%| F|  |TAMS 0x0000000084d00000, 0x0000000084d00000| Untracked 
|  20|0x0000000084e00000, 0x0000000084e00000, 0x0000000084f00000|  0%| F|  |TAMS 0x0000000084e00000, 0x0000000084e00000| Untracked 
|  21|0x0000000084f00000, 0x0000000084f00000, 0x0000000085000000|  0%| F|  |TAMS 0x0000000084f00000, 0x0000000084f00000| Untracked 
|  22|0x0000000085000000, 0x0000000085000000, 0x0000000085100000|  0%| F|  |TAMS 0x0000000085000000, 0x0000000085000000| Untracked 
|  23|0x0000000085100000, 0x0000000085100000, 0x0000000085200000|  0%| F|  |TAMS 0x0000000085100000, 0x0000000085100000| Untracked 
|  24|0x0000000085200000, 0x0000000085200000, 0x0000000085300000|  0%| F|  |TAMS 0x0000000085200000, 0x0000000085200000| Untracked 
|  25|0x0000000085300000, 0x0000000085300000, 0x0000000085400000|  0%| F|  |TAMS 0x0000000085300000, 0x0000000085300000| Untracked 
|  26|0x0000000085400000, 0x0000000085400000, 0x0000000085500000|  0%| F|  |TAMS 0x0000000085400000, 0x0000000085400000| Untracked 
|  27|0x0000000085500000, 0x0000000085500000, 0x0000000085600000|  0%| F|  |TAMS 0x0000000085500000, 0x0000000085500000| Untracked 
|  28|0x0000000085600000, 0x0000000085600000, 0x0000000085700000|  0%| F|  |TAMS 0x0000000085600000, 0x0000000085600000| Untracked 
|  29|0x0000000085700000, 0x0000000085700000, 0x0000000085800000|  0%| F|  |TAMS 0x0000000085700000, 0x0000000085700000| Untracked 
|  30|0x0000000085800000, 0x0000000085800000, 0x0000000085900000|  0%| F|  |TAMS 0x0000000085800000, 0x0000000085800000| Untracked 
|  31|0x0000000085900000, 0x0000000085900000, 0x0000000085a00000|  0%| F|  |TAMS 0x0000000085900000, 0x0000000085900000| Untracked 
|  32|0x0000000085a00000, 0x0000000085a00000, 0x0000000085b00000|  0%| F|  |TAMS 0x0000000085a00000, 0x0000000085a00000| Untracked 
|  33|0x0000000085b00000, 0x0000000085b00000, 0x0000000085c00000|  0%| F|  |TAMS 0x0000000085b00000, 0x0000000085b00000| Untracked 
|  34|0x0000000085c00000, 0x0000000085c00000, 0x0000000085d00000|  0%| F|  |TAMS 0x0000000085c00000, 0x0000000085c00000| Untracked 
|  35|0x0000000085d00000, 0x0000000085d00000, 0x0000000085e00000|  0%| F|  |TAMS 0x0000000085d00000, 0x0000000085d00000| Untracked 
|  36|0x0000000085e00000, 0x0000000085e00000, 0x0000000085f00000|  0%| F|  |TAMS 0x0000000085e00000, 0x0000000085e00000| Untracked 
|  37|0x0000000085f00000, 0x0000000085f00000, 0x0000000086000000|  0%| F|  |TAMS 0x0000000085f00000, 0x0000000085f00000| Untracked 
|  38|0x0000000086000000, 0x0000000086000000, 0x0000000086100000|  0%| F|  |TAMS 0x0000000086000000, 0x0000000086000000| Untracked 
|  39|0x0000000086100000, 0x0000000086100000, 0x0000000086200000|  0%| F|  |TAMS 0x0000000086100000, 0x0000000086100000| Untracked 
|  40|0x0000000086200000, 0x0000000086200000, 0x0000000086300000|  0%| F|  |TAMS 0x0000000086200000, 0x0000000086200000| Untracked 
|  41|0x0000000086300000, 0x0000000086300000, 0x0000000086400000|  0%| F|  |TAMS 0x0000000086300000, 0x0000000086300000| Untracked 
|  42|0x0000000086400000, 0x0000000086400000, 0x0000000086500000|  0%| F|  |TAMS 0x0000000086400000, 0x0000000086400000| Untracked 
|  43|0x0000000086500000, 0x0000000086500000, 0x0000000086600000|  0%| F|  |TAMS 0x0000000086500000, 0x0000000086500000| Untracked 
|  44|0x0000000086600000, 0x0000000086600000, 0x0000000086700000|  0%| F|  |TAMS 0x0000000086600000, 0x0000000086600000| Untracked 
|  45|0x0000000086700000, 0x0000000086700000, 0x0000000086800000|  0%| F|  |TAMS 0x0000000086700000, 0x0000000086700000| Untracked 
|  46|0x0000000086800000, 0x0000000086800000, 0x0000000086900000|  0%| F|  |TAMS 0x0000000086800000, 0x0000000086800000| Untracked 
|  47|0x0000000086900000, 0x0000000086900000, 0x0000000086a00000|  0%| F|  |TAMS 0x0000000086900000, 0x0000000086900000| Untracked 
|  48|0x0000000086a00000, 0x0000000086a00000, 0x0000000086b00000|  0%| F|  |TAMS 0x0000000086a00000, 0x0000000086a00000| Untracked 
|  49|0x0000000086b00000, 0x0000000086b00000, 0x0000000086c00000|  0%| F|  |TAMS 0x0000000086b00000, 0x0000000086b00000| Untracked 
|  50|0x0000000086c00000, 0x0000000086c00000, 0x0000000086d00000|  0%| F|  |TAMS 0x0000000086c00000, 0x0000000086c00000| Untracked 
|  51|0x0000000086d00000, 0x0000000086d00000, 0x0000000086e00000|  0%| F|  |TAMS 0x0000000086d00000, 0x0000000086d00000| Untracked 
|  52|0x0000000086e00000, 0x0000000086e00000, 0x0000000086f00000|  0%| F|  |TAMS 0x0000000086e00000, 0x0000000086e00000| Untracked 
|  53|0x0000000086f00000, 0x0000000086f00000, 0x0000000087000000|  0%| F|  |TAMS 0x0000000086f00000, 0x0000000086f00000| Untracked 
|  54|0x0000000087000000, 0x0000000087000000, 0x0000000087100000|  0%| F|  |TAMS 0x0000000087000000, 0x0000000087000000| Untracked 
|  55|0x0000000087100000, 0x0000000087100000, 0x0000000087200000|  0%| F|  |TAMS 0x0000000087100000, 0x0000000087100000| Untracked 
|  56|0x0000000087200000, 0x0000000087200000, 0x0000000087300000|  0%| F|  |TAMS 0x0000000087200000, 0x0000000087200000| Untracked 
|  57|0x0000000087300000, 0x0000000087300000, 0x0000000087400000|  0%| F|  |TAMS 0x0000000087300000, 0x0000000087300000| Untracked 
|  58|0x0000000087400000, 0x0000000087400000, 0x0000000087500000|  0%| F|  |TAMS 0x0000000087400000, 0x0000000087400000| Untracked 
|  59|0x0000000087500000, 0x0000000087500000, 0x0000000087600000|  0%| F|  |TAMS 0x0000000087500000, 0x0000000087500000| Untracked 
|  60|0x0000000087600000, 0x0000000087600000, 0x0000000087700000|  0%| F|  |TAMS 0x0000000087600000, 0x0000000087600000| Untracked 
|  61|0x0000000087700000, 0x0000000087700000, 0x0000000087800000|  0%| F|  |TAMS 0x0000000087700000, 0x0000000087700000| Untracked 
|  62|0x0000000087800000, 0x0000000087800000, 0x0000000087900000|  0%| F|  |TAMS 0x0000000087800000, 0x0000000087800000| Untracked 
|  63|0x0000000087900000, 0x0000000087900000, 0x0000000087a00000|  0%| F|  |TAMS 0x0000000087900000, 0x0000000087900000| Untracked 
|  64|0x0000000087a00000, 0x0000000087a00000, 0x0000000087b00000|  0%| F|  |TAMS 0x0000000087a00000, 0x0000000087a00000| Untracked 
|  65|0x0000000087b00000, 0x0000000087b00000, 0x0000000087c00000|  0%| F|  |TAMS 0x0000000087b00000, 0x0000000087b00000| Untracked 
|  66|0x0000000087c00000, 0x0000000087c00000, 0x0000000087d00000|  0%| F|  |TAMS 0x0000000087c00000, 0x0000000087c00000| Untracked 
|  67|0x0000000087d00000, 0x0000000087d00000, 0x0000000087e00000|  0%| F|  |TAMS 0x0000000087d00000, 0x0000000087d00000| Untracked 
|  68|0x0000000087e00000, 0x0000000087e00000, 0x0000000087f00000|  0%| F|  |TAMS 0x0000000087e00000, 0x0000000087e00000| Untracked 
|  69|0x0000000087f00000, 0x0000000087f00000, 0x0000000088000000|  0%| F|  |TAMS 0x0000000087f00000, 0x0000000087f00000| Untracked 
|  70|0x0000000088000000, 0x0000000088000000, 0x0000000088100000|  0%| F|  |TAMS 0x0000000088000000, 0x0000000088000000| Untracked 
|  71|0x0000000088100000, 0x0000000088100000, 0x0000000088200000|  0%| F|  |TAMS 0x0000000088100000, 0x0000000088100000| Untracked 
|  72|0x0000000088200000, 0x0000000088200000, 0x0000000088300000|  0%| F|  |TAMS 0x0000000088200000, 0x0000000088200000| Untracked 
|  73|0x0000000088300000, 0x0000000088300000, 0x0000000088400000|  0%| F|  |TAMS 0x0000000088300000, 0x0000000088300000| Untracked 
|  74|0x0000000088400000, 0x0000000088400000, 0x0000000088500000|  0%| F|  |TAMS 0x0000000088400000, 0x0000000088400000| Untracked 
|  75|0x0000000088500000, 0x0000000088500000, 0x0000000088600000|  0%| F|  |TAMS 0x0000000088500000, 0x0000000088500000| Untracked 
|  76|0x0000000088600000, 0x0000000088600000, 0x0000000088700000|  0%| F|  |TAMS 0x0000000088600000, 0x0000000088600000| Untracked 
|  77|0x0000000088700000, 0x0000000088700000, 0x0000000088800000|  0%| F|  |TAMS 0x0000000088700000, 0x0000000088700000| Untracked 
|  78|0x0000000088800000, 0x0000000088800000, 0x0000000088900000|  0%| F|  |TAMS 0x0000000088800000, 0x0000000088800000| Untracked 
|  79|0x0000000088900000, 0x0000000088900000, 0x0000000088a00000|  0%| F|  |TAMS 0x0000000088900000, 0x0000000088900000| Untracked 
|  80|0x0000000088a00000, 0x0000000088a00000, 0x0000000088b00000|  0%| F|  |TAMS 0x0000000088a00000, 0x0000000088a00000| Untracked 
|  81|0x0000000088b00000, 0x0000000088b00000, 0x0000000088c00000|  0%| F|  |TAMS 0x0000000088b00000, 0x0000000088b00000| Untracked 
|  82|0x0000000088c00000, 0x0000000088c00000, 0x0000000088d00000|  0%| F|  |TAMS 0x0000000088c00000, 0x0000000088c00000| Untracked 
|  83|0x0000000088d00000, 0x0000000088d00000, 0x0000000088e00000|  0%| F|  |TAMS 0x0000000088d00000, 0x0000000088d00000| Untracked 
|  84|0x0000000088e00000, 0x0000000088e00000, 0x0000000088f00000|  0%| F|  |TAMS 0x0000000088e00000, 0x0000000088e00000| Untracked 
|  85|0x0000000088f00000, 0x0000000088f00000, 0x0000000089000000|  0%| F|  |TAMS 0x0000000088f00000, 0x0000000088f00000| Untracked 
|  86|0x0000000089000000, 0x0000000089000000, 0x0000000089100000|  0%| F|  |TAMS 0x0000000089000000, 0x0000000089000000| Untracked 
|  87|0x0000000089100000, 0x0000000089100000, 0x0000000089200000|  0%| F|  |TAMS 0x0000000089100000, 0x0000000089100000| Untracked 
|  88|0x0000000089200000, 0x0000000089200000, 0x0000000089300000|  0%| F|  |TAMS 0x0000000089200000, 0x0000000089200000| Untracked 
|  89|0x0000000089300000, 0x0000000089300000, 0x0000000089400000|  0%| F|  |TAMS 0x0000000089300000, 0x0000000089300000| Untracked 
|  90|0x0000000089400000, 0x0000000089400000, 0x0000000089500000|  0%| F|  |TAMS 0x0000000089400000, 0x0000000089400000| Untracked 
|  91|0x0000000089500000, 0x0000000089500000, 0x0000000089600000|  0%| F|  |TAMS 0x0000000089500000, 0x0000000089500000| Untracked 
|  92|0x0000000089600000, 0x0000000089600000, 0x0000000089700000|  0%| F|  |TAMS 0x0000000089600000, 0x0000000089600000| Untracked 
|  93|0x0000000089700000, 0x0000000089700000, 0x0000000089800000|  0%| F|  |TAMS 0x0000000089700000, 0x0000000089700000| Untracked 
|  94|0x0000000089800000, 0x0000000089800000, 0x0000000089900000|  0%| F|  |TAMS 0x0000000089800000, 0x0000000089800000| Untracked 
|  95|0x0000000089900000, 0x0000000089900000, 0x0000000089a00000|  0%| F|  |TAMS 0x0000000089900000, 0x0000000089900000| Untracked 
|  96|0x0000000089a00000, 0x0000000089b00000, 0x0000000089b00000|100%| E|  |TAMS 0x0000000089a00000, 0x0000000089a00000| Complete 
|  97|0x0000000089b00000, 0x0000000089c00000, 0x0000000089c00000|100%| E|CS|TAMS 0x0000000089b00000, 0x0000000089b00000| Complete 
|  98|0x0000000089c00000, 0x0000000089d00000, 0x0000000089d00000|100%| E|CS|TAMS 0x0000000089c00000, 0x0000000089c00000| Complete 
|  99|0x0000000089d00000, 0x0000000089e00000, 0x0000000089e00000|100%| E|CS|TAMS 0x0000000089d00000, 0x0000000089d00000| Complete 
| 100|0x0000000089e00000, 0x0000000089f00000, 0x0000000089f00000|100%| S|CS|TAMS 0x0000000089e00000, 0x0000000089e00000| Complete 
| 101|0x0000000089f00000, 0x000000008a000000, 0x000000008a000000|100%| S|CS|TAMS 0x0000000089f00000, 0x0000000089f00000| Complete 
| 102|0x000000008a000000, 0x000000008a100000, 0x000000008a100000|100%| S|CS|TAMS 0x000000008a000000, 0x000000008a000000| Complete 
| 103|0x000000008a100000, 0x000000008a200000, 0x000000008a200000|100%| E|CS|TAMS 0x000000008a100000, 0x000000008a100000| Complete 
| 104|0x000000008a200000, 0x000000008a300000, 0x000000008a300000|100%| E|CS|TAMS 0x000000008a200000, 0x000000008a200000| Complete 
| 105|0x000000008a300000, 0x000000008a400000, 0x000000008a400000|100%| E|CS|TAMS 0x000000008a300000, 0x000000008a300000| Complete 
| 106|0x000000008a400000, 0x000000008a500000, 0x000000008a500000|100%| E|CS|TAMS 0x000000008a400000, 0x000000008a400000| Complete 
| 107|0x000000008a500000, 0x000000008a600000, 0x000000008a600000|100%| E|CS|TAMS 0x000000008a500000, 0x000000008a500000| Complete 
| 108|0x000000008a600000, 0x000000008a700000, 0x000000008a700000|100%| E|CS|TAMS 0x000000008a600000, 0x000000008a600000| Complete 
| 109|0x000000008a700000, 0x000000008a800000, 0x000000008a800000|100%| E|CS|TAMS 0x000000008a700000, 0x000000008a700000| Complete 
| 110|0x000000008a800000, 0x000000008a900000, 0x000000008a900000|100%| E|CS|TAMS 0x000000008a800000, 0x000000008a800000| Complete 
| 111|0x000000008a900000, 0x000000008aa00000, 0x000000008aa00000|100%| E|CS|TAMS 0x000000008a900000, 0x000000008a900000| Complete 
| 112|0x000000008aa00000, 0x000000008ab00000, 0x000000008ab00000|100%| E|CS|TAMS 0x000000008aa00000, 0x000000008aa00000| Complete 
| 113|0x000000008ab00000, 0x000000008ac00000, 0x000000008ac00000|100%| E|CS|TAMS 0x000000008ab00000, 0x000000008ab00000| Complete 
| 114|0x000000008ac00000, 0x000000008ad00000, 0x000000008ad00000|100%| E|CS|TAMS 0x000000008ac00000, 0x000000008ac00000| Complete 
| 115|0x000000008ad00000, 0x000000008ae00000, 0x000000008ae00000|100%| E|CS|TAMS 0x000000008ad00000, 0x000000008ad00000| Complete 
| 116|0x000000008ae00000, 0x000000008af00000, 0x000000008af00000|100%| E|CS|TAMS 0x000000008ae00000, 0x000000008ae00000| Complete 
| 117|0x000000008af00000, 0x000000008b000000, 0x000000008b000000|100%| E|CS|TAMS 0x000000008af00000, 0x000000008af00000| Complete 
| 118|0x000000008b000000, 0x000000008b100000, 0x000000008b100000|100%| E|CS|TAMS 0x000000008b000000, 0x000000008b000000| Complete 
| 119|0x000000008b100000, 0x000000008b200000, 0x000000008b200000|100%| E|CS|TAMS 0x000000008b100000, 0x000000008b100000| Complete 
| 120|0x000000008b200000, 0x000000008b300000, 0x000000008b300000|100%| E|CS|TAMS 0x000000008b200000, 0x000000008b200000| Complete 
| 121|0x000000008b300000, 0x000000008b400000, 0x000000008b400000|100%| E|CS|TAMS 0x000000008b300000, 0x000000008b300000| Complete 
| 122|0x000000008b400000, 0x000000008b500000, 0x000000008b500000|100%| E|CS|TAMS 0x000000008b400000, 0x000000008b400000| Complete 
| 123|0x000000008b500000, 0x000000008b600000, 0x000000008b600000|100%| E|CS|TAMS 0x000000008b500000, 0x000000008b500000| Complete 
| 124|0x000000008b600000, 0x000000008b700000, 0x000000008b700000|100%| E|CS|TAMS 0x000000008b600000, 0x000000008b600000| Complete 
| 125|0x000000008b700000, 0x000000008b800000, 0x000000008b800000|100%| E|CS|TAMS 0x000000008b700000, 0x000000008b700000| Complete 

Card table byte_map: [0x0000017cfef70000,0x0000017cff360000] _byte_map_base: 0x0000017cfeb53000

Marking Bits (Prev, Next): (CMBitMap*) 0x0000017cfb1d7e60, (CMBitMap*) 0x0000017cfb1d7ea0
 Prev Bits: [0x0000017c8f000000, 0x0000017c90f18000)
 Next Bits: [0x0000017c90f20000, 0x0000017c92e38000)

Polling page: 0x0000017cf9110000

Metaspace:

Usage:
  Non-class:     14.65 MB used.
      Class:      1.73 MB used.
       Both:     16.38 MB used.

Virtual space:
  Non-class space:       64.00 MB reserved,      14.69 MB ( 23%) committed,  1 nodes.
      Class space:        1.00 GB reserved,       1.81 MB ( <1%) committed,  1 nodes.
             Both:        1.06 GB reserved,      16.50 MB (  2%) committed. 

Chunk freelists:
   Non-Class:  1.31 MB
       Class:  14.11 MB
        Both:  15.42 MB

MaxMetaspaceSize: unlimited
CompressedClassSpaceSize: 1.00 GB
Initial GC threshold: 21.00 MB
Current GC threshold: 21.00 MB
CDS: off
MetaspaceReclaimPolicy: balanced
 - commit_granule_bytes: 65536.
 - commit_granule_words: 8192.
 - virtual_space_node_default_size: 8388608.
 - enlarge_chunks_in_place: 1.
 - new_chunks_are_fully_committed: 0.
 - uncommit_free_chunks: 1.
 - use_allocation_guard: 0.
 - handle_deallocations: 1.


Internal statistics:

num_allocs_failed_limit: 0.
num_arena_births: 50.
num_arena_deaths: 0.
num_vsnodes_births: 2.
num_vsnodes_deaths: 0.
num_space_committed: 264.
num_space_uncommitted: 0.
num_chunks_returned_to_freelist: 0.
num_chunks_taken_from_freelist: 361.
num_chunk_merges: 0.
num_chunk_splits: 229.
num_chunks_enlarged: 184.
num_inconsistent_stats: 0.

CodeHeap 'non-profiled nmethods': size=120000Kb used=730Kb max_used=730Kb free=119269Kb
 bounds [0x0000017c87ad0000, 0x0000017c87d40000, 0x0000017c8f000000]
CodeHeap 'profiled nmethods': size=120000Kb used=3160Kb max_used=3160Kb free=116839Kb
 bounds [0x0000017c80000000, 0x0000017c80320000, 0x0000017c87530000]
CodeHeap 'non-nmethods': size=5760Kb used=1169Kb max_used=1216Kb free=4590Kb
 bounds [0x0000017c87530000, 0x0000017c877a0000, 0x0000017c87ad0000]
 total_blobs=2062 nmethods=1614 adapters=361
 compilation: enabled
              stopped_count=0, restarted_count=0
 full_count=0

Compilation events (20 events):
Event: 1.082 Thread 0x0000017c9507f830 nmethod 1591 0x0000017c87b84010 code [0x0000017c87b841a0, 0x0000017c87b84278]
Event: 1.086 Thread 0x0000017c9507f830 1592   !   3       java.lang.reflect.Field::declaredAnnotations (82 bytes)
Event: 1.087 Thread 0x0000017c9507f830 nmethod 1592 0x0000017c80306410 code [0x0000017c80306600, 0x0000017c80306b28]
Event: 1.087 Thread 0x0000017c9507f830 1594       3       sun.reflect.generics.tree.ClassTypeSignature::accept (8 bytes)
Event: 1.087 Thread 0x0000017c9507f830 nmethod 1594 0x0000017c80306e10 code [0x0000017c80306fc0, 0x0000017c80307148]
Event: 1.087 Thread 0x0000017c9507f830 1595       3       sun.reflect.generics.visitor.Reifier::visitClassTypeSignature (381 bytes)
Event: 1.087 Thread 0x0000017c9592cd40 1598 %     4       java.lang.String::decodeUTF8_UTF16 @ 0 (624 bytes)
Event: 1.088 Thread 0x0000017c9507f830 nmethod 1595 0x0000017c80307290 code [0x0000017c803076a0, 0x0000017c803091c8]
Event: 1.088 Thread 0x0000017c9507f830 1599       3       java.util.concurrent.ConcurrentHashMap::addCount (280 bytes)
Event: 1.088 Thread 0x0000017c9507f830 nmethod 1599 0x0000017c80309b90 code [0x0000017c80309de0, 0x0000017c8030a768]
Event: 1.088 Thread 0x0000017c9507f830 1593       3       java.nio.HeapByteBuffer::<init> (23 bytes)
Event: 1.088 Thread 0x0000017c9507f830 nmethod 1593 0x0000017c8030aa10 code [0x0000017c8030abc0, 0x0000017c8030ad48]
Event: 1.088 Thread 0x0000017c9507f830 1600       3       java.lang.Class::reflectionData (43 bytes)
Event: 1.089 Thread 0x0000017c9507f830 nmethod 1600 0x0000017c8030ae10 code [0x0000017c8030afe0, 0x0000017c8030b3d8]
Event: 1.089 Thread 0x0000017c9507f830 1596       3       sun.reflect.annotation.AnnotationInvocationHandler::<init> (71 bytes)
Event: 1.090 Thread 0x0000017c9507f830 nmethod 1596 0x0000017c8030b510 code [0x0000017c8030b7a0, 0x0000017c8030c1f8]
Event: 1.090 Thread 0x0000017c9507f830 1601       1       com.google.inject.Key::hashCode (5 bytes)
Event: 1.090 Thread 0x0000017c9507f830 nmethod 1601 0x0000017c87b84310 code [0x0000017c87b844a0, 0x0000017c87b84578]
Event: 1.090 Thread 0x0000017c9507f830 1597       3       java.lang.reflect.Proxy::newProxyInstance (35 bytes)
Event: 1.090 Thread 0x0000017c9507f830 nmethod 1597 0x0000017c8030c590 code [0x0000017c8030c780, 0x0000017c8030cbd8]

GC Heap History (2 events):
Event: 0.691 GC heap before
{Heap before GC invocations=0 (full 0):
 garbage-first heap   total 129024K, used 22528K [0x0000000083a00000, 0x0000000100000000)
  region size 1024K, 23 young (23552K), 0 survivors (0K)
 Metaspace       used 13570K, committed 13760K, reserved 1114112K
  class space    used 1360K, committed 1472K, reserved 1048576K
}
Event: 0.697 GC heap after
{Heap after GC invocations=1 (full 0):
 garbage-first heap   total 129024K, used 3785K [0x0000000083a00000, 0x0000000100000000)
  region size 1024K, 3 young (3072K), 3 survivors (3072K)
 Metaspace       used 13570K, committed 13760K, reserved 1114112K
  class space    used 1360K, committed 1472K, reserved 1048576K
}

Dll operation events (6 events):
Event: 0.008 Loaded shared library C:\Users\yanba\Downloads\spring-tool-suite-4-4.21.0.RELEASE-e4.30.0-win32.win32.x86_64.self-extracting(1)\sts-4.21.0.RELEASE\plugins\org.eclipse.justj.openjdk.hotspot.jre.full.win32.x86_64_17.0.9.v20231028-0858\jre\bin\java.dll
Event: 0.093 Loaded shared library C:\Users\yanba\Downloads\spring-tool-suite-4-4.21.0.RELEASE-e4.30.0-win32.win32.x86_64.self-extracting(1)\sts-4.21.0.RELEASE\plugins\org.eclipse.justj.openjdk.hotspot.jre.full.win32.x86_64_17.0.9.v20231028-0858\jre\bin\net.dll
Event: 0.095 Loaded shared library C:\Users\yanba\Downloads\spring-tool-suite-4-4.21.0.RELEASE-e4.30.0-win32.win32.x86_64.self-extracting(1)\sts-4.21.0.RELEASE\plugins\org.eclipse.justj.openjdk.hotspot.jre.full.win32.x86_64_17.0.9.v20231028-0858\jre\bin\nio.dll
Event: 0.101 Loaded shared library C:\Users\yanba\Downloads\spring-tool-suite-4-4.21.0.RELEASE-e4.30.0-win32.win32.x86_64.self-extracting(1)\sts-4.21.0.RELEASE\plugins\org.eclipse.justj.openjdk.hotspot.jre.full.win32.x86_64_17.0.9.v20231028-0858\jre\bin\zip.dll
Event: 0.209 Loaded shared library C:\Users\yanba\Downloads\spring-tool-suite-4-4.21.0.RELEASE-e4.30.0-win32.win32.x86_64.self-extracting(1)\sts-4.21.0.RELEASE\plugins\org.eclipse.justj.openjdk.hotspot.jre.full.win32.x86_64_17.0.9.v20231028-0858\jre\bin\jimage.dll
Event: 0.262 Loaded shared library C:\Users\yanba\AppData\Local\Temp\jansi-2.4.0-fd3d27fc8238b36d-jansi.dll

Deoptimization events (20 events):
Event: 0.852 Thread 0x0000017cfb17e670 DEOPT PACKING pc=0x0000017c8006cf43 sp=0x0000006ce12fd8c0
Event: 0.852 Thread 0x0000017cfb17e670 DEOPT UNPACKING pc=0x0000017c8758ace3 sp=0x0000006ce12fcde0 mode 0
Event: 0.865 Thread 0x0000017cfb17e670 Uncommon trap: trap_request=0xffffff45 fr.pc=0x0000017c87b5d7a4 relative=0x0000000000000484
Event: 0.865 Thread 0x0000017cfb17e670 Uncommon trap: reason=unstable_if action=reinterpret pc=0x0000017c87b5d7a4 method=java.lang.String.<init>([CIILjava/lang/Void;)V @ 5 c2
Event: 0.866 Thread 0x0000017cfb17e670 DEOPT PACKING pc=0x0000017c87b5d7a4 sp=0x0000006ce12fda20
Event: 0.866 Thread 0x0000017cfb17e670 DEOPT UNPACKING pc=0x0000017c8758a1a3 sp=0x0000006ce12fd8b8 mode 2
Event: 0.887 Thread 0x0000017cfb17e670 DEOPT PACKING pc=0x0000017c8022e3f3 sp=0x0000006ce12fdae0
Event: 0.887 Thread 0x0000017cfb17e670 DEOPT UNPACKING pc=0x0000017c8758ace3 sp=0x0000006ce12fcf50 mode 0
Event: 0.900 Thread 0x0000017cfb17e670 Uncommon trap: trap_request=0xffffff45 fr.pc=0x0000017c87b539b0 relative=0x0000000000000310
Event: 0.900 Thread 0x0000017cfb17e670 Uncommon trap: reason=unstable_if action=reinterpret pc=0x0000017c87b539b0 method=java.lang.String.<init>([CIILjava/lang/Void;)V @ 5 c2
Event: 0.900 Thread 0x0000017cfb17e670 DEOPT PACKING pc=0x0000017c87b539b0 sp=0x0000006ce12fd940
Event: 0.900 Thread 0x0000017cfb17e670 DEOPT UNPACKING pc=0x0000017c8758a1a3 sp=0x0000006ce12fd900 mode 2
Event: 0.908 Thread 0x0000017cfb17e670 DEOPT PACKING pc=0x0000017c8006cf43 sp=0x0000006ce12fd8c0
Event: 0.908 Thread 0x0000017cfb17e670 DEOPT UNPACKING pc=0x0000017c8758ace3 sp=0x0000006ce12fcde0 mode 0
Event: 0.963 Thread 0x0000017cfb17e670 DEOPT PACKING pc=0x0000017c8006cf43 sp=0x0000006ce12fd8c0
Event: 0.963 Thread 0x0000017cfb17e670 DEOPT UNPACKING pc=0x0000017c8758ace3 sp=0x0000006ce12fcde0 mode 0
Event: 0.995 Thread 0x0000017cfb17e670 Uncommon trap: trap_request=0xffffffc6 fr.pc=0x0000017c87b5ed10 relative=0x0000000000000430
Event: 0.995 Thread 0x0000017cfb17e670 Uncommon trap: reason=bimorphic_or_optimized_type_check action=maybe_recompile pc=0x0000017c87b5ed10 method=java.util.HashMap.getNode(Ljava/lang/Object;)Ljava/util/HashMap$Node; @ 63 c2
Event: 0.995 Thread 0x0000017cfb17e670 DEOPT PACKING pc=0x0000017c87b5ed10 sp=0x0000006ce12fde60
Event: 0.995 Thread 0x0000017cfb17e670 DEOPT UNPACKING pc=0x0000017c8758a1a3 sp=0x0000006ce12fdde8 mode 2

Classes unloaded (0 events):
No events

Classes redefined (0 events):
No events

Internal exceptions (20 events):
Event: 0.263 Thread 0x0000017cfb17e670 Exception <a 'java/lang/NullPointerException'{0x000000008b3ae750}> (0x000000008b3ae750) 
thrown [s\src\hotspot\share\interpreter\linkResolver.cpp, line 1350]
Event: 0.263 Thread 0x0000017cfb17e670 Exception <a 'java/lang/NullPointerException'{0x000000008b3aea28}> (0x000000008b3aea28) 
thrown [s\src\hotspot\share\interpreter\linkResolver.cpp, line 1350]
Event: 0.264 Thread 0x0000017cfb17e670 Exception <a 'java/lang/NullPointerException'{0x000000008b3b5d78}> (0x000000008b3b5d78) 
thrown [s\src\hotspot\share\interpreter\linkResolver.cpp, line 1350]
Event: 0.266 Thread 0x0000017cfb17e670 Exception <a 'java/lang/NullPointerException'{0x000000008b3cc470}> (0x000000008b3cc470) 
thrown [s\src\hotspot\share\interpreter\linkResolver.cpp, line 1350]
Event: 0.266 Thread 0x0000017cfb17e670 Exception <a 'java/lang/NullPointerException'{0x000000008b3cc748}> (0x000000008b3cc748) 
thrown [s\src\hotspot\share\interpreter\linkResolver.cpp, line 1350]
Event: 0.266 Thread 0x0000017cfb17e670 Exception <a 'java/lang/NullPointerException'{0x000000008b3cca20}> (0x000000008b3cca20) 
thrown [s\src\hotspot\share\interpreter\linkResolver.cpp, line 1350]
Event: 0.266 Thread 0x0000017cfb17e670 Exception <a 'java/lang/NullPointerException'{0x000000008b3cccf8}> (0x000000008b3cccf8) 
thrown [s\src\hotspot\share\interpreter\linkResolver.cpp, line 1350]
Event: 0.286 Thread 0x0000017cfb17e670 Exception <a 'java/lang/NoSuchMethodError'{0x000000008b28f738}: 'void java.lang.invoke.DirectMethodHandle$Holder.invokeStatic(java.lang.Object, java.lang.Object, java.lang.Object)'> (0x000000008b28f738) 
thrown [s\src\hotspot\share\interpreter\linkResolver.cpp, line 759]
Event: 0.295 Thread 0x0000017cfb17e670 Exception <a 'java/lang/NoSuchMethodError'{0x000000008b10f620}: 'int java.lang.invoke.DirectMethodHandle$Holder.invokeStatic(java.lang.Object, java.lang.Object, int)'> (0x000000008b10f620) 
thrown [s\src\hotspot\share\interpreter\linkResolver.cpp, line 759]
Event: 0.327 Thread 0x0000017cfb17e670 Exception <a 'java/lang/NullPointerException'{0x000000008b1caf88}> (0x000000008b1caf88) 
thrown [s\src\hotspot\share\interpreter\linkResolver.cpp, line 1350]
Event: 0.327 Thread 0x0000017cfb17e670 Exception <a 'java/lang/NullPointerException'{0x000000008b1d3548}> (0x000000008b1d3548) 
thrown [s\src\hotspot\share\interpreter\linkResolver.cpp, line 1350]
Event: 0.353 Thread 0x0000017cfb17e670 Exception <a 'java/lang/NoSuchMethodError'{0x000000008b0e3ec0}: 'java.lang.Object java.lang.invoke.DirectMethodHandle$Holder.invokeSpecialIFC(java.lang.Object, java.lang.Object, java.lang.Object, java.lang.Object)'> (0x000000008b0e3ec0) 
thrown [s\src\hotspot\share\interpreter\linkResolver.cpp, line 759]
Event: 0.519 Thread 0x0000017cfb17e670 Exception <a 'java/lang/NoSuchMethodError'{0x000000008a9491d8}: 'void java.lang.invoke.DirectMethodHandle$Holder.invokeSpecial(java.lang.Object, java.lang.Object, java.lang.Object)'> (0x000000008a9491d8) 
thrown [s\src\hotspot\share\interpreter\linkResolver.cpp, line 759]
Event: 0.550 Thread 0x0000017cfb17e670 Exception <a 'java/lang/NoSuchMethodError'{0x000000008a8ce038}: 'java.lang.Object java.lang.invoke.DirectMethodHandle$Holder.invokeInterface(java.lang.Object, java.lang.Object)'> (0x000000008a8ce038) 
thrown [s\src\hotspot\share\interpreter\linkResolver.cpp, line 759]
Event: 0.563 Thread 0x0000017cfb17e670 Exception <a 'java/lang/NoSuchMethodError'{0x000000008a78bf78}: 'java.lang.Object java.lang.invoke.Invokers$Holder.invokeExact_MT(java.lang.Object, java.lang.Object, java.lang.Object, java.lang.Object, java.lang.Object, java.lang.Object)'> (0x000000008a78bf78) 
thrown [s\src\hotspot\share\interpreter\linkResolver.cpp, line 759]
Event: 0.566 Thread 0x0000017cfb17e670 Exception <a 'java/lang/NoSuchMethodError'{0x000000008a7a0d98}: 'int java.lang.invoke.DirectMethodHandle$Holder.invokeSpecialIFC(java.lang.Object, java.lang.Object, java.lang.Object, java.lang.Object, java.lang.Object)'> (0x000000008a7a0d98) 
thrown [s\src\hotspot\share\interpreter\linkResolver.cpp, line 759]
Event: 0.613 Thread 0x0000017cfb17e670 Exception <a 'java/lang/NoSuchMethodError'{0x000000008a580800}: 'java.lang.Object java.lang.invoke.DirectMethodHandle$Holder.newInvokeSpecial(java.lang.Object, java.lang.Object, java.lang.Object, java.lang.Object, java.lang.Object)'> (0x000000008a580800) 
thrown [s\src\hotspot\share\interpreter\linkResolver.cpp, line 759]
Event: 0.639 Thread 0x0000017cfb17e670 Exception <a 'java/lang/NoSuchMethodError'{0x000000008a49d450}: 'int java.lang.invoke.DirectMethodHandle$Holder.invokeStaticInit(java.lang.Object, java.lang.Object)'> (0x000000008a49d450) 
thrown [s\src\hotspot\share\interpreter\linkResolver.cpp, line 759]
Event: 0.645 Thread 0x0000017cfb17e670 Exception <a 'java/lang/NoClassDefFoundError'{0x000000008a4d9290}: javax/enterprise/inject/Typed> (0x000000008a4d9290) 
thrown [s\src\hotspot\share\classfile\systemDictionary.cpp, line 245]
Event: 0.821 Thread 0x0000017cfb17e670 Exception <a 'java/lang/NoSuchMethodError'{0x000000008af9c8c0}: 'java.lang.Object java.lang.invoke.DirectMethodHandle$Holder.invokeStaticInit(java.lang.Object)'> (0x000000008af9c8c0) 
thrown [s\src\hotspot\share\interpreter\linkResolver.cpp, line 759]

VM Operations (14 events):
Event: 0.103 Executing VM operation: HandshakeAllThreads
Event: 0.103 Executing VM operation: HandshakeAllThreads done
Event: 0.204 Executing VM operation: HandshakeAllThreads
Event: 0.204 Executing VM operation: HandshakeAllThreads done
Event: 0.212 Executing VM operation: HandshakeAllThreads
Event: 0.212 Executing VM operation: HandshakeAllThreads done
Event: 0.367 Executing VM operation: HandshakeAllThreads
Event: 0.367 Executing VM operation: HandshakeAllThreads done
Event: 0.691 Executing VM operation: G1CollectForAllocation
Event: 0.697 Executing VM operation: G1CollectForAllocation done
Event: 1.024 Executing VM operation: HandshakeAllThreads
Event: 1.024 Executing VM operation: HandshakeAllThreads done
Event: 1.081 Executing VM operation: ICBufferFull
Event: 1.081 Executing VM operation: ICBufferFull done

Events (20 events):
Event: 0.983 loading class sun/reflect/generics/tree/Wildcard
Event: 0.983 loading class sun/reflect/generics/tree/Wildcard done
Event: 0.983 loading class sun/reflect/generics/reflectiveObjects/WildcardTypeImpl
Event: 0.983 loading class sun/reflect/generics/reflectiveObjects/WildcardTypeImpl done
Event: 0.983 loading class sun/reflect/annotation/AnnotatedTypeFactory$AnnotatedParameterizedTypeImpl
Event: 0.983 loading class java/lang/reflect/AnnotatedParameterizedType
Event: 0.983 loading class java/lang/reflect/AnnotatedParameterizedType done
Event: 0.984 loading class sun/reflect/annotation/AnnotatedTypeFactory$AnnotatedParameterizedTypeImpl done
Event: 0.993 loading class java/util/stream/ForEachOps
Event: 0.993 loading class java/util/stream/ForEachOps done
Event: 0.993 loading class java/util/stream/ForEachOps$ForEachOp$OfRef
Event: 0.993 loading class java/util/stream/ForEachOps$ForEachOp
Event: 0.993 loading class java/util/stream/ForEachOps$ForEachOp done
Event: 0.993 loading class java/util/stream/ForEachOps$ForEachOp$OfRef done
Event: 1.041 loading class java/util/EventObject
Event: 1.041 loading class java/util/EventObject done
Event: 1.053 loading class java/security/NoSuchAlgorithmException
Event: 1.053 loading class java/security/GeneralSecurityException
Event: 1.053 loading class java/security/GeneralSecurityException done
Event: 1.053 loading class java/security/NoSuchAlgorithmException done


Dynamic libraries:
0x00007ff701dc0000 - 0x00007ff701dce000 	C:\Users\yanba\Downloads\spring-tool-suite-4-4.21.0.RELEASE-e4.30.0-win32.win32.x86_64.self-extracting(1)\sts-4.21.0.RELEASE\plugins\org.eclipse.justj.openjdk.hotspot.jre.full.win32.x86_64_17.0.9.v20231028-0858\jre\bin\javaw.exe
0x00007ffc50270000 - 0x00007ffc50468000 	C:\Windows\SYSTEM32\ntdll.dll
0x00007ffc4ea80000 - 0x00007ffc4eb3f000 	C:\Windows\System32\KERNEL32.DLL
0x00007ffc4dc50000 - 0x00007ffc4df46000 	C:\Windows\System32\KERNELBASE.dll
0x00007ffc4d950000 - 0x00007ffc4da50000 	C:\Windows\System32\ucrtbase.dll
0x00007ffc1dfc0000 - 0x00007ffc1dfdb000 	C:\Users\yanba\Downloads\spring-tool-suite-4-4.21.0.RELEASE-e4.30.0-win32.win32.x86_64.self-extracting(1)\sts-4.21.0.RELEASE\plugins\org.eclipse.justj.openjdk.hotspot.jre.full.win32.x86_64_17.0.9.v20231028-0858\jre\bin\VCRUNTIME140.dll
0x00007ffc1f580000 - 0x00007ffc1f597000 	C:\Users\yanba\Downloads\spring-tool-suite-4-4.21.0.RELEASE-e4.30.0-win32.win32.x86_64.self-extracting(1)\sts-4.21.0.RELEASE\plugins\org.eclipse.justj.openjdk.hotspot.jre.full.win32.x86_64_17.0.9.v20231028-0858\jre\bin\jli.dll
0x00007ffc4e860000 - 0x00007ffc4e9fd000 	C:\Windows\System32\USER32.dll
0x00007ffc3bea0000 - 0x00007ffc3c13a000 	C:\Windows\WinSxS\amd64_microsoft.windows.common-controls_6595b64144ccf1df_6.0.19041.1110_none_60b5254171f9507e\COMCTL32.dll
0x00007ffc4dc20000 - 0x00007ffc4dc42000 	C:\Windows\System32\win32u.dll
0x00007ffc4f000000 - 0x00007ffc4f09e000 	C:\Windows\System32\msvcrt.dll
0x00007ffc4f230000 - 0x00007ffc4f25c000 	C:\Windows\System32\GDI32.dll
0x00007ffc4da50000 - 0x00007ffc4db65000 	C:\Windows\System32\gdi32full.dll
0x00007ffc4e130000 - 0x00007ffc4e1cd000 	C:\Windows\System32\msvcp_win.dll
0x00007ffc4fce0000 - 0x00007ffc4fd10000 	C:\Windows\System32\IMM32.DLL
0x00007ffc3c140000 - 0x00007ffc3c14c000 	C:\Users\yanba\Downloads\spring-tool-suite-4-4.21.0.RELEASE-e4.30.0-win32.win32.x86_64.self-extracting(1)\sts-4.21.0.RELEASE\plugins\org.eclipse.justj.openjdk.hotspot.jre.full.win32.x86_64_17.0.9.v20231028-0858\jre\bin\vcruntime140_1.dll
0x00007ffc091e0000 - 0x00007ffc0926d000 	C:\Users\yanba\Downloads\spring-tool-suite-4-4.21.0.RELEASE-e4.30.0-win32.win32.x86_64.self-extracting(1)\sts-4.21.0.RELEASE\plugins\org.eclipse.justj.openjdk.hotspot.jre.full.win32.x86_64_17.0.9.v20231028-0858\jre\bin\msvcp140.dll
0x00007ffbfe2a0000 - 0x00007ffbfef01000 	C:\Users\yanba\Downloads\spring-tool-suite-4-4.21.0.RELEASE-e4.30.0-win32.win32.x86_64.self-extracting(1)\sts-4.21.0.RELEASE\plugins\org.eclipse.justj.openjdk.hotspot.jre.full.win32.x86_64_17.0.9.v20231028-0858\jre\bin\server\jvm.dll
0x00007ffc4f4e0000 - 0x00007ffc4f58f000 	C:\Windows\System32\ADVAPI32.dll
0x00007ffc4e5a0000 - 0x00007ffc4e63c000 	C:\Windows\System32\sechost.dll
0x00007ffc4e2d0000 - 0x00007ffc4e3f6000 	C:\Windows\System32\RPCRT4.dll
0x00007ffc4d7c0000 - 0x00007ffc4d80b000 	C:\Windows\SYSTEM32\POWRPROF.dll
0x00007ffc4a310000 - 0x00007ffc4a337000 	C:\Windows\SYSTEM32\WINMM.dll
0x00007ffc39ef0000 - 0x00007ffc39efa000 	C:\Windows\SYSTEM32\VERSION.dll
0x00007ffc48870000 - 0x00007ffc48879000 	C:\Windows\SYSTEM32\WSOCK32.dll
0x00007ffc4f0a0000 - 0x00007ffc4f10b000 	C:\Windows\System32\WS2_32.dll
0x00007ffc4d7a0000 - 0x00007ffc4d7b2000 	C:\Windows\SYSTEM32\UMPDC.dll
0x00007ffc4c150000 - 0x00007ffc4c162000 	C:\Windows\SYSTEM32\kernel.appcore.dll
0x00007ffc49360000 - 0x00007ffc4936a000 	C:\Users\yanba\Downloads\spring-tool-suite-4-4.21.0.RELEASE-e4.30.0-win32.win32.x86_64.self-extracting(1)\sts-4.21.0.RELEASE\plugins\org.eclipse.justj.openjdk.hotspot.jre.full.win32.x86_64_17.0.9.v20231028-0858\jre\bin\jimage.dll
0x00007ffc4b380000 - 0x00007ffc4b564000 	C:\Windows\SYSTEM32\DBGHELP.DLL
0x00007ffc4a2d0000 - 0x00007ffc4a304000 	C:\Windows\SYSTEM32\dbgcore.DLL
0x00007ffc4e1d0000 - 0x00007ffc4e252000 	C:\Windows\System32\bcryptPrimitives.dll
0x00007ffc1ef10000 - 0x00007ffc1ef35000 	C:\Users\yanba\Downloads\spring-tool-suite-4-4.21.0.RELEASE-e4.30.0-win32.win32.x86_64.self-extracting(1)\sts-4.21.0.RELEASE\plugins\org.eclipse.justj.openjdk.hotspot.jre.full.win32.x86_64_17.0.9.v20231028-0858\jre\bin\java.dll
0x00007ffc47190000 - 0x00007ffc471a8000 	C:\Users\yanba\Downloads\spring-tool-suite-4-4.21.0.RELEASE-e4.30.0-win32.win32.x86_64.self-extracting(1)\sts-4.21.0.RELEASE\plugins\org.eclipse.justj.openjdk.hotspot.jre.full.win32.x86_64_17.0.9.v20231028-0858\jre\bin\zip.dll
0x00007ffc4f590000 - 0x00007ffc4fcd4000 	C:\Windows\System32\SHELL32.dll
0x00007ffc4b9a0000 - 0x00007ffc4c133000 	C:\Windows\SYSTEM32\windows.storage.dll
0x00007ffc4eb40000 - 0x00007ffc4ee94000 	C:\Windows\System32\combase.dll
0x00007ffc4d1e0000 - 0x00007ffc4d20e000 	C:\Windows\SYSTEM32\Wldp.dll
0x00007ffc50180000 - 0x00007ffc5022d000 	C:\Windows\System32\SHCORE.dll
0x00007ffc4f280000 - 0x00007ffc4f2d5000 	C:\Windows\System32\shlwapi.dll
0x00007ffc4d890000 - 0x00007ffc4d8af000 	C:\Windows\SYSTEM32\profapi.dll
0x00007ffc47150000 - 0x00007ffc47169000 	C:\Users\yanba\Downloads\spring-tool-suite-4-4.21.0.RELEASE-e4.30.0-win32.win32.x86_64.self-extracting(1)\sts-4.21.0.RELEASE\plugins\org.eclipse.justj.openjdk.hotspot.jre.full.win32.x86_64_17.0.9.v20231028-0858\jre\bin\net.dll
0x00007ffc48370000 - 0x00007ffc4847a000 	C:\Windows\SYSTEM32\WINHTTP.dll
0x00007ffc4cfc0000 - 0x00007ffc4d02a000 	C:\Windows\system32\mswsock.dll
0x00007ffc3df30000 - 0x00007ffc3df46000 	C:\Users\yanba\Downloads\spring-tool-suite-4-4.21.0.RELEASE-e4.30.0-win32.win32.x86_64.self-extracting(1)\sts-4.21.0.RELEASE\plugins\org.eclipse.justj.openjdk.hotspot.jre.full.win32.x86_64_17.0.9.v20231028-0858\jre\bin\nio.dll
0x0000000069ac0000 - 0x0000000069ae4000 	C:\Users\yanba\AppData\Local\Temp\jansi-2.4.0-fd3d27fc8238b36d-jansi.dll

dbghelp: loaded successfully - version: 4.0.5 - missing functions: none
symbol engine: initialized successfully - sym options: 0x614 - pdb path: .;C:\Users\yanba\Downloads\spring-tool-suite-4-4.21.0.RELEASE-e4.30.0-win32.win32.x86_64.self-extracting(1)\sts-4.21.0.RELEASE\plugins\org.eclipse.justj.openjdk.hotspot.jre.full.win32.x86_64_17.0.9.v20231028-0858\jre\bin;C:\Windows\SYSTEM32;C:\Windows\WinSxS\amd64_microsoft.windows.common-controls_6595b64144ccf1df_6.0.19041.1110_none_60b5254171f9507e;C:\Users\yanba\Downloads\spring-tool-suite-4-4.21.0.RELEASE-e4.30.0-win32.win32.x86_64.self-extracting(1)\sts-4.21.0.RELEASE\plugins\org.eclipse.justj.openjdk.hotspot.jre.full.win32.x86_64_17.0.9.v20231028-0858\jre\bin\server;C:\Users\yanba\AppData\Local\Temp

VM Arguments:
jvm_args: -Dmaven.home=EMBEDDED -Dclassworlds.conf=C:\Users\yanba\Documents\workspace-spring-tool-suite-4-4.21.0.RELEASE\.metadata\.plugins\org.eclipse.m2e.launching\launches\m2conf5456676643852638251.tmp -Dmaven.multiModuleProjectDirectory=C:\Users\yanba\git\aula-dio-spring-boot -Dm2e.build.project.data.socket.port=1537 -Dfile.encoding=UTF-8 -Dstdout.encoding=UTF-8 -Dstderr.encoding=UTF-8 -XX:+ShowCodeDetailsInExceptionMessages 
java_command: org.codehaus.plexus.classworlds.launcher.Launcher -Ppom.xml -B -Dstyle.color=always install
java_class_path (initial): C:\Users\yanba\Downloads\spring-tool-suite-4-4.21.0.RELEASE-e4.30.0-win32.win32.x86_64.self-extracting(1)\sts-4.21.0.RELEASE\plugins\org.eclipse.m2e.maven.runtime_3.9.500.20231113-2345\jars\plexus-classworlds-2.7.0.jar
Launcher Type: SUN_STANDARD

[Global flags]
     intx CICompilerCount                          = 4                                         {product} {ergonomic}
     uint ConcGCThreads                            = 2                                         {product} {ergonomic}
     uint G1ConcRefinementThreads                  = 8                                         {product} {ergonomic}
   size_t G1HeapRegionSize                         = 1048576                                   {product} {ergonomic}
    uintx GCDrainStackTargetSize                   = 64                                        {product} {ergonomic}
   size_t InitialHeapSize                          = 132120576                                 {product} {ergonomic}
   size_t MarkStackSize                            = 4194304                                   {product} {ergonomic}
   size_t MaxHeapSize                              = 2086666240                                {product} {ergonomic}
   size_t MaxNewSize                               = 1251999744                                {product} {ergonomic}
   size_t MinHeapDeltaBytes                        = 1048576                                   {product} {ergonomic}
   size_t MinHeapSize                              = 8388608                                   {product} {ergonomic}
    uintx NonNMethodCodeHeapSize                   = 5839372                                {pd product} {ergonomic}
    uintx NonProfiledCodeHeapSize                  = 122909434                              {pd product} {ergonomic}
    uintx ProfiledCodeHeapSize                     = 122909434                              {pd product} {ergonomic}
    uintx ReservedCodeCacheSize                    = 251658240                              {pd product} {ergonomic}
     bool SegmentedCodeCache                       = true                                      {product} {ergonomic}
     bool ShowCodeDetailsInExceptionMessages       = true                                   {manageable} {command line}
   size_t SoftMaxHeapSize                          = 2086666240                             {manageable} {ergonomic}
     bool UseCompressedClassPointers               = true                           {product lp64_product} {ergonomic}
     bool UseCompressedOops                        = true                           {product lp64_product} {ergonomic}
     bool UseG1GC                                  = true                                      {product} {ergonomic}
     bool UseLargePagesIndividualAllocation        = false                                  {pd product} {ergonomic}

Logging:
Log output configuration:
 #0: stdout all=warning uptime,level,tags
 #1: stderr all=off uptime,level,tags

Environment Variables:
JAVA_HOME=C:\Users\yanba\AppData\Local\Programs\Eclipse Adoptium\jdk-17.0.8.101-hotspot\
PATH=C:/Users/yanba/Downloads/spring-tool-suite-4-4.21.0.RELEASE-e4.30.0-win32.win32.x86_64.self-extracting(1)/sts-4.21.0.RELEASE//plugins/org.eclipse.justj.openjdk.hotspot.jre.full.win32.x86_64_17.0.9.v20231028-0858/jre/bin/server;C:/Users/yanba/Downloads/spring-tool-suite-4-4.21.0.RELEASE-e4.30.0-win32.win32.x86_64.self-extracting(1)/sts-4.21.0.RELEASE//plugins/org.eclipse.justj.openjdk.hotspot.jre.full.win32.x86_64_17.0.9.v20231028-0858/jre/bin;C:\Program Files\Common Files\Oracle\Java\javapath;C:\Program Files (x86)\Common Files\Oracle\Java\java8path;C:\Program Files (x86)\Common Files\Oracle\Java\javapath;C:\Windows\system32;C:\Windows;C:\Windows\System32\Wbem;C:\Windows\System32\WindowsPowerShell\v1.0\;C:\Windows\System32\OpenSSH\;C:\Program Files\Git\cmd;C:\MinGW\bin;C:\Program Files\Java\jdk-22\bin;C:\Program Files\nodejs\;C:\Program Files (x86)\Tesseract-OCR;C:\Program Files\PuTTY\;C:\ProgramData\ComposerSetup\bin;C:\Users\yanba\.config\herd\bin\nvm;C:\Program Files\nodejs;C:\Users\yanba\.config\herd\bin;C:\Users\yanba\AppData\Local\Programs\Eclipse Adoptium\jdk-17.0.8.101-hotspot\bin;C:\Users\yanba\AppData\Local\Microsoft\WindowsApps;C:\Users\yanba\AppData\Local\Programs\Microsoft VS Code\bin;C:\MinGW\bin;C:\Users\yanba\AppData\Roaming\npm;C:\Program Files (x86)\Tesseract-OCR;C:\Program Files\ffmpeg\bin\;C:\Program Files (x86)\Nmap;C:\Users\yanba\AppData\Local\Pandoc\;C:\Users\yanba\Downloads\php-8.4.4-Win32-vs17-x64;C:\Users\yanba\AppData\Roaming\Composer\vendor\bin;C:\Users\yanba\Downloads\spring-tool-suite-4-4.21.0.RELEASE-e4.30.0-win32.win32.x86_64.self-extracting(1)\sts-4.21.0.RELEASE;
USERNAME=yanba
OS=Windows_NT
PROCESSOR_IDENTIFIER=Intel64 Family 6 Model 126 Stepping 5, GenuineIntel
TMP=C:\Users\yanba\AppData\Local\Temp
TEMP=C:\Users\yanba\AppData\Local\Temp



Periodic native trim disabled


---------------  S Y S T E M  ---------------

OS:
 Windows 10 , 64 bit Build 19041 (10.0.19041.3031)
OS uptime: 1 days 8:11 hours
Hyper-V role detected

CPU: total 8 (initial active 8) (4 cores per cpu, 2 threads per core) family 6 model 126 stepping 5 microcode 0xc6, cx8, cmov, fxsr, ht, mmx, 3dnowpref, sse, sse2, sse3, ssse3, sse4.1, sse4.2, popcnt, lzcnt, tsc, tscinvbit, avx, avx2, aes, erms, clmul, bmi1, bmi2, adx, avx512f, avx512dq, avx512cd, avx512bw, avx512vl, sha, fma, vzeroupper, avx512_vpopcntdq, avx512_vpclmulqdq, avx512_vaes, avx512_vnni, clflush, clflushopt, avx512_vbmi2, avx512_vbmi, hv
Processor Information for all 8 processors :
  Max Mhz: 1190, Current Mhz: 991, Mhz Limit: 987

Memory: 4k page, system-wide physical 7959M (514M free)
TotalPageFile size 10007M (AvailPageFile size 5M)
current process WorkingSet (physical memory assigned to process): 96M, peak: 96M
current process commit charge ("private bytes"): 231M, peak: 232M

vm_info: OpenJDK 64-Bit Server VM (17.0.9+9) for windows-amd64 JRE (17.0.9+9), built on Oct 26 2023 14:01:42 by "admin" with MS VC++ 16.10 / 16.11 (VS2019)

END.
